<?xml version="1.0" encoding="UTF-8"?>
<!-- Generated by org.testng.reporters.JUnitReportReporter -->
<testsuite skipped="0" hostname="TM-PC" name="com.TestCases.TC_01_LaunchApplication" tests="1" failures="0" timestamp="30 Jul 2018 06:58:58 GMT" time="57.953" errors="0">
  <testcase name="LaunchApplication_Validate" time="57.953" classname="com.TestCases.TC_01_LaunchApplication"/>
</testsuite> <!-- com.TestCases.TC_01_LaunchApplication -->
