<?xml version="1.0" encoding="UTF-8"?>
<!-- Generated by org.testng.reporters.JUnitReportReporter -->
<testsuite skipped="0" hostname="TM-PC" name="com.TestCases.TC_01_LaunchApplication" tests="1" failures="0" timestamp="30 Jul 2018 05:40:21 GMT" time="53.717" errors="0">
  <testcase name="LaunchApplication_Validate" time="53.717" classname="com.TestCases.TC_01_LaunchApplication"/>
</testsuite> <!-- com.TestCases.TC_01_LaunchApplication -->
